{"C:\\Users\\Dell\\Desktop\\meeting-action-tracker\\backend\\src\\app.ts": {"path":"C:\\Users\\Dell\\Desktop\\meeting-action-tracker\\backend\\src\\app.ts","statementMap":{"0":{"start":{"line":1,"column":0},"end":{"line":1,"column":30}},"1":{"start":{"line":2,"column":0},"end":{"line":2,"column":24}},"2":{"start":{"line":3,"column":0},"end":{"line":3,"column":34}},"3":{"start":{"line":5,"column":13},"end":{"line":5,"column":29}},"4":{"start":{"line":7,"column":0},"end":{"line":7,"column":16}},"5":{"start":{"line":8,"column":0},"end":{"line":8,"column":24}},"6":{"start":{"line":10,"column":0},"end":{"line":10,"column":24}}},"fnMap":{},"branchMap":{},"s":{"0":3,"1":3,"2":3,"3":3,"4":3,"5":3,"6":3},"f":{},"b":{}}
,"C:\\Users\\Dell\\Desktop\\meeting-action-tracker\\backend\\src\\routes.ts": {"path":"C:\\Users\\Dell\\Desktop\\meeting-action-tracker\\backend\\src\\routes.ts","statementMap":{"0":{"start":{"line":1,"column":0},"end":{"line":1,"column":33}},"1":{"start":{"line":2,"column":0},"end":{"line":2,"column":35}},"2":{"start":{"line":3,"column":0},"end":{"line":3,"column":35}},"3":{"start":{"line":5,"column":0},"end":{"line":5,"column":83}},"4":{"start":{"line":6,"column":0},"end":{"line":6,"column":84}},"5":{"start":{"line":9,"column":29},"end":{"line":9,"column":55}},"6":{"start":{"line":10,"column":29},"end":{"line":10,"column":55}},"7":{"start":{"line":13,"column":13},"end":{"line":13,"column":31}},"8":{"start":{"line":15,"column":0},"end":{"line":30,"column":3}},"9":{"start":{"line":16,"column":2},"end":{"line":29,"column":3}},"10":{"start":{"line":17,"column":4},"end":{"line":17,"column":33}},"11":{"start":{"line":19,"column":4},"end":{"line":23,"column":7}},"12":{"start":{"line":25,"column":4},"end":{"line":28,"column":7}},"13":{"start":{"line":33,"column":0},"end":{"line":35,"column":2}},"14":{"start":{"line":34,"column":2},"end":{"line":34,"column":39}},"15":{"start":{"line":37,"column":0},"end":{"line":39,"column":2}},"16":{"start":{"line":38,"column":2},"end":{"line":38,"column":43}},"17":{"start":{"line":42,"column":0},"end":{"line":44,"column":2}},"18":{"start":{"line":43,"column":2},"end":{"line":43,"column":37}},"19":{"start":{"line":46,"column":0},"end":{"line":48,"column":2}},"20":{"start":{"line":47,"column":2},"end":{"line":47,"column":40}},"21":{"start":{"line":50,"column":0},"end":{"line":52,"column":2}},"22":{"start":{"line":51,"column":2},"end":{"line":51,"column":39}},"23":{"start":{"line":54,"column":0},"end":{"line":56,"column":2}},"24":{"start":{"line":55,"column":2},"end":{"line":55,"column":45}},"25":{"start":{"line":58,"column":0},"end":{"line":60,"column":2}},"26":{"start":{"line":59,"column":2},"end":{"line":59,"column":39}}},"fnMap":{"0":{"name":"(anonymous_0)","decl":{"start":{"line":15,"column":22},"end":{"line":15,"column":27}},"loc":{"start":{"line":15,"column":39},"end":{"line":30,"column":1}}},"1":{"name":"(anonymous_1)","decl":{"start":{"line":33,"column":28},"end":{"line":33,"column":29}},"loc":{"start":{"line":34,"column":2},"end":{"line":34,"column":39}}},"2":{"name":"(anonymous_2)","decl":{"start":{"line":37,"column":27},"end":{"line":37,"column":28}},"loc":{"start":{"line":38,"column":2},"end":{"line":38,"column":43}}},"3":{"name":"(anonymous_3)","decl":{"start":{"line":42,"column":28},"end":{"line":42,"column":29}},"loc":{"start":{"line":43,"column":2},"end":{"line":43,"column":37}}},"4":{"name":"(anonymous_4)","decl":{"start":{"line":46,"column":32},"end":{"line":46,"column":33}},"loc":{"start":{"line":47,"column":2},"end":{"line":47,"column":40}}},"5":{"name":"(anonymous_5)","decl":{"start":{"line":50,"column":34},"end":{"line":50,"column":35}},"loc":{"start":{"line":51,"column":2},"end":{"line":51,"column":39}}},"6":{"name":"(anonymous_6)","decl":{"start":{"line":54,"column":41},"end":{"line":54,"column":42}},"loc":{"start":{"line":55,"column":2},"end":{"line":55,"column":45}}},"7":{"name":"(anonymous_7)","decl":{"start":{"line":58,"column":35},"end":{"line":58,"column":36}},"loc":{"start":{"line":59,"column":2},"end":{"line":59,"column":39}}}},"branchMap":{"0":{"loc":{"start":{"line":22,"column":11},"end":{"line":22,"column":54}},"type":"cond-expr","locations":[{"start":{"line":22,"column":30},"end":{"line":22,"column":42}},{"start":{"line":22,"column":45},"end":{"line":22,"column":54}}]}},"s":{"0":3,"1":3,"2":3,"3":3,"4":3,"5":3,"6":3,"7":3,"8":3,"9":1,"10":1,"11":1,"12":0,"13":3,"14":1,"15":3,"16":0,"17":3,"18":1,"19":3,"20":0,"21":3,"22":2,"23":3,"24":1,"25":3,"26":1},"f":{"0":1,"1":1,"2":0,"3":1,"4":0,"5":2,"6":1,"7":1},"b":{"0":[1,0]}}
,"C:\\Users\\Dell\\Desktop\\meeting-action-tracker\\backend\\src\\config\\db.ts": {"path":"C:\\Users\\Dell\\Desktop\\meeting-action-tracker\\backend\\src\\config\\db.ts","statementMap":{"0":{"start":{"line":1,"column":0},"end":{"line":1,"column":26}},"1":{"start":{"line":2,"column":0},"end":{"line":2,"column":28}},"2":{"start":{"line":4,"column":13},"end":{"line":9,"column":3}}},"fnMap":{},"branchMap":{},"s":{"0":2,"1":2,"2":2},"f":{},"b":{}}
,"C:\\Users\\Dell\\Desktop\\meeting-action-tracker\\backend\\src\\config\\env.ts": {"path":"C:\\Users\\Dell\\Desktop\\meeting-action-tracker\\backend\\src\\config\\env.ts","statementMap":{"0":{"start":{"line":1,"column":0},"end":{"line":1,"column":32}},"1":{"start":{"line":2,"column":0},"end":{"line":2,"column":24}},"2":{"start":{"line":4,"column":0},"end":{"line":4,"column":9}},"3":{"start":{"line":6,"column":18},"end":{"line":10,"column":2}},"4":{"start":{"line":12,"column":15},"end":{"line":12,"column":47}},"5":{"start":{"line":14,"column":0},"end":{"line":17,"column":1}},"6":{"start":{"line":15,"column":2},"end":{"line":15,"column":72}},"7":{"start":{"line":16,"column":2},"end":{"line":16,"column":18}},"8":{"start":{"line":19,"column":13},"end":{"line":19,"column":31}}},"fnMap":{},"branchMap":{"0":{"loc":{"start":{"line":14,"column":0},"end":{"line":17,"column":1}},"type":"if","locations":[{"start":{"line":14,"column":0},"end":{"line":17,"column":1}},{"start":{},"end":{}}]}},"s":{"0":3,"1":3,"2":3,"3":3,"4":3,"5":3,"6":0,"7":0,"8":3},"f":{},"b":{"0":[0,3]}}
,"C:\\Users\\Dell\\Desktop\\meeting-action-tracker\\backend\\src\\config\\groq.ts": {"path":"C:\\Users\\Dell\\Desktop\\meeting-action-tracker\\backend\\src\\config\\groq.ts","statementMap":{"0":{"start":{"line":1,"column":0},"end":{"line":1,"column":28}},"1":{"start":{"line":2,"column":0},"end":{"line":2,"column":28}},"2":{"start":{"line":4,"column":13},"end":{"line":6,"column":3}}},"fnMap":{},"branchMap":{},"s":{"0":3,"1":3,"2":3},"f":{},"b":{}}
,"C:\\Users\\Dell\\Desktop\\meeting-action-tracker\\backend\\src\\modules\\action-items\\actionExtraction.service.ts": {"path":"C:\\Users\\Dell\\Desktop\\meeting-action-tracker\\backend\\src\\modules\\action-items\\actionExtraction.service.ts","statementMap":{"0":{"start":{"line":13,"column":0},"end":{"line":13,"column":7}},"1":{"start":{"line":1,"column":0},"end":{"line":1,"column":41}},"2":{"start":{"line":10,"column":14},"end":{"line":10,"column":52}},"3":{"start":{"line":16,"column":17},"end":{"line":35,"column":2}},"4":{"start":{"line":38,"column":19},"end":{"line":42,"column":4}},"5":{"start":{"line":44,"column":18},"end":{"line":44,"column":63}},"6":{"start":{"line":46,"column":2},"end":{"line":50,"column":3}},"7":{"start":{"line":47,"column":4},"end":{"line":47,"column":31}},"8":{"start":{"line":49,"column":4},"end":{"line":49,"column":14}}},"fnMap":{"0":{"name":"extractActionItems","decl":{"start":{"line":13,"column":22},"end":{"line":13,"column":40}},"loc":{"start":{"line":14,"column":20},"end":{"line":51,"column":1}}}},"branchMap":{"0":{"loc":{"start":{"line":44,"column":18},"end":{"line":44,"column":63}},"type":"binary-expr","locations":[{"start":{"line":44,"column":18},"end":{"line":44,"column":55}},{"start":{"line":44,"column":59},"end":{"line":44,"column":63}}]}},"s":{"0":5,"1":5,"2":5,"3":7,"4":7,"5":5,"6":5,"7":5,"8":2},"f":{"0":7},"b":{"0":[5,0]}}
,"C:\\Users\\Dell\\Desktop\\meeting-action-tracker\\backend\\src\\modules\\action-items\\actionItem.controller.ts": {"path":"C:\\Users\\Dell\\Desktop\\meeting-action-tracker\\backend\\src\\modules\\action-items\\actionItem.controller.ts","statementMap":{"0":{"start":{"line":2,"column":0},"end":{"line":2,"column":63}},"1":{"start":{"line":4,"column":0},"end":{"line":4,"column":24}},"2":{"start":{"line":6,"column":19},"end":{"line":6,"column":45}},"3":{"start":{"line":8,"column":31},"end":{"line":12,"column":2}},"4":{"start":{"line":14,"column":27},"end":{"line":16,"column":2}},"5":{"start":{"line":20,"column":2},"end":{"line":20,"column":50}},"6":{"start":{"line":20,"column":38},"end":{"line":20,"column":50}},"7":{"start":{"line":21,"column":2},"end":{"line":21,"column":15}},"8":{"start":{"line":27,"column":4},"end":{"line":46,"column":5}},"9":{"start":{"line":28,"column":26},"end":{"line":28,"column":42}},"10":{"start":{"line":32,"column":6},"end":{"line":38,"column":7}},"11":{"start":{"line":33,"column":8},"end":{"line":37,"column":9}},"12":{"start":{"line":34,"column":10},"end":{"line":34,"column":31}},"13":{"start":{"line":36,"column":10},"end":{"line":36,"column":73}},"14":{"start":{"line":40,"column":20},"end":{"line":40,"column":52}},"15":{"start":{"line":41,"column":6},"end":{"line":41,"column":29}},"16":{"start":{"line":43,"column":6},"end":{"line":45,"column":9}},"17":{"start":{"line":50,"column":4},"end":{"line":68,"column":5}},"18":{"start":{"line":51,"column":17},"end":{"line":51,"column":41}},"19":{"start":{"line":53,"column":6},"end":{"line":55,"column":7}},"20":{"start":{"line":54,"column":8},"end":{"line":54,"column":61}},"21":{"start":{"line":57,"column":19},"end":{"line":57,"column":48}},"22":{"start":{"line":59,"column":6},"end":{"line":61,"column":7}},"23":{"start":{"line":60,"column":8},"end":{"line":60,"column":72}},"24":{"start":{"line":63,"column":6},"end":{"line":63,"column":28}},"25":{"start":{"line":65,"column":6},"end":{"line":67,"column":9}},"26":{"start":{"line":72,"column":4},"end":{"line":98,"column":5}},"27":{"start":{"line":73,"column":17},"end":{"line":73,"column":41}},"28":{"start":{"line":75,"column":6},"end":{"line":77,"column":7}},"29":{"start":{"line":76,"column":8},"end":{"line":76,"column":61}},"30":{"start":{"line":79,"column":21},"end":{"line":79,"column":63}},"31":{"start":{"line":81,"column":6},"end":{"line":85,"column":7}},"32":{"start":{"line":82,"column":8},"end":{"line":84,"column":11}},"33":{"start":{"line":87,"column":22},"end":{"line":87,"column":62}},"34":{"start":{"line":89,"column":6},"end":{"line":91,"column":7}},"35":{"start":{"line":90,"column":8},"end":{"line":90,"column":72}},"36":{"start":{"line":93,"column":6},"end":{"line":93,"column":31}},"37":{"start":{"line":95,"column":6},"end":{"line":97,"column":9}},"38":{"start":{"line":102,"column":4},"end":{"line":131,"column":5}},"39":{"start":{"line":103,"column":17},"end":{"line":103,"column":41}},"40":{"start":{"line":105,"column":6},"end":{"line":107,"column":7}},"41":{"start":{"line":106,"column":8},"end":{"line":106,"column":61}},"42":{"start":{"line":109,"column":21},"end":{"line":109,"column":59}},"43":{"start":{"line":111,"column":6},"end":{"line":115,"column":7}},"44":{"start":{"line":112,"column":8},"end":{"line":114,"column":11}},"45":{"start":{"line":117,"column":22},"end":{"line":119,"column":null}},"46":{"start":{"line":122,"column":6},"end":{"line":124,"column":7}},"47":{"start":{"line":123,"column":8},"end":{"line":123,"column":72}},"48":{"start":{"line":126,"column":6},"end":{"line":126,"column":31}},"49":{"start":{"line":128,"column":6},"end":{"line":130,"column":9}},"50":{"start":{"line":135,"column":4},"end":{"line":149,"column":5}},"51":{"start":{"line":136,"column":17},"end":{"line":136,"column":41}},"52":{"start":{"line":138,"column":6},"end":{"line":140,"column":7}},"53":{"start":{"line":139,"column":8},"end":{"line":139,"column":61}},"54":{"start":{"line":142,"column":6},"end":{"line":142,"column":34}},"55":{"start":{"line":144,"column":6},"end":{"line":144,"column":36}},"56":{"start":{"line":146,"column":6},"end":{"line":148,"column":9}},"57":{"start":{"line":25,"column":0},"end":{"line":25,"column":13}}},"fnMap":{"0":{"name":"extractId","decl":{"start":{"line":19,"column":9},"end":{"line":19,"column":18}},"loc":{"start":{"line":19,"column":55},"end":{"line":22,"column":1}}},"1":{"name":"(anonymous_1)","decl":{"start":{"line":26,"column":2},"end":{"line":26,"column":7}},"loc":{"start":{"line":26,"column":40},"end":{"line":47,"column":3}}},"2":{"name":"(anonymous_2)","decl":{"start":{"line":49,"column":2},"end":{"line":49,"column":7}},"loc":{"start":{"line":49,"column":43},"end":{"line":69,"column":3}}},"3":{"name":"(anonymous_3)","decl":{"start":{"line":71,"column":2},"end":{"line":71,"column":7}},"loc":{"start":{"line":71,"column":42},"end":{"line":99,"column":3}}},"4":{"name":"(anonymous_4)","decl":{"start":{"line":101,"column":2},"end":{"line":101,"column":7}},"loc":{"start":{"line":101,"column":48},"end":{"line":132,"column":3}}},"5":{"name":"(anonymous_5)","decl":{"start":{"line":134,"column":2},"end":{"line":134,"column":7}},"loc":{"start":{"line":134,"column":42},"end":{"line":150,"column":3}}}},"branchMap":{"0":{"loc":{"start":{"line":20,"column":2},"end":{"line":20,"column":50}},"type":"if","locations":[{"start":{"line":20,"column":2},"end":{"line":20,"column":50}},{"start":{},"end":{}}]},"1":{"loc":{"start":{"line":20,"column":6},"end":{"line":20,"column":36}},"type":"binary-expr","locations":[{"start":{"line":20,"column":6},"end":{"line":20,"column":12}},{"start":{"line":20,"column":16},"end":{"line":20,"column":36}}]},"2":{"loc":{"start":{"line":32,"column":6},"end":{"line":38,"column":7}},"type":"if","locations":[{"start":{"line":32,"column":6},"end":{"line":38,"column":7}},{"start":{},"end":{}}]},"3":{"loc":{"start":{"line":33,"column":8},"end":{"line":37,"column":9}},"type":"if","locations":[{"start":{"line":33,"column":8},"end":{"line":37,"column":9}},{"start":{"line":35,"column":15},"end":{"line":37,"column":9}}]},"4":{"loc":{"start":{"line":33,"column":12},"end":{"line":33,"column":60}},"type":"binary-expr","locations":[{"start":{"line":33,"column":12},"end":{"line":33,"column":34}},{"start":{"line":33,"column":38},"end":{"line":33,"column":60}}]},"5":{"loc":{"start":{"line":53,"column":6},"end":{"line":55,"column":7}},"type":"if","locations":[{"start":{"line":53,"column":6},"end":{"line":55,"column":7}},{"start":{},"end":{}}]},"6":{"loc":{"start":{"line":59,"column":6},"end":{"line":61,"column":7}},"type":"if","locations":[{"start":{"line":59,"column":6},"end":{"line":61,"column":7}},{"start":{},"end":{}}]},"7":{"loc":{"start":{"line":75,"column":6},"end":{"line":77,"column":7}},"type":"if","locations":[{"start":{"line":75,"column":6},"end":{"line":77,"column":7}},{"start":{},"end":{}}]},"8":{"loc":{"start":{"line":81,"column":6},"end":{"line":85,"column":7}},"type":"if","locations":[{"start":{"line":81,"column":6},"end":{"line":85,"column":7}},{"start":{},"end":{}}]},"9":{"loc":{"start":{"line":89,"column":6},"end":{"line":91,"column":7}},"type":"if","locations":[{"start":{"line":89,"column":6},"end":{"line":91,"column":7}},{"start":{},"end":{}}]},"10":{"loc":{"start":{"line":105,"column":6},"end":{"line":107,"column":7}},"type":"if","locations":[{"start":{"line":105,"column":6},"end":{"line":107,"column":7}},{"start":{},"end":{}}]},"11":{"loc":{"start":{"line":111,"column":6},"end":{"line":115,"column":7}},"type":"if","locations":[{"start":{"line":111,"column":6},"end":{"line":115,"column":7}},{"start":{},"end":{}}]},"12":{"loc":{"start":{"line":122,"column":6},"end":{"line":124,"column":7}},"type":"if","locations":[{"start":{"line":122,"column":6},"end":{"line":124,"column":7}},{"start":{},"end":{}}]},"13":{"loc":{"start":{"line":138,"column":6},"end":{"line":140,"column":7}},"type":"if","locations":[{"start":{"line":138,"column":6},"end":{"line":140,"column":7}},{"start":{},"end":{}}]}},"s":{"0":3,"1":3,"2":3,"3":3,"4":3,"5":4,"6":0,"7":4,"8":1,"9":1,"10":1,"11":1,"12":0,"13":1,"14":0,"15":0,"16":0,"17":0,"18":0,"19":0,"20":0,"21":0,"22":0,"23":0,"24":0,"25":0,"26":2,"27":2,"28":2,"29":0,"30":2,"31":2,"32":1,"33":1,"34":1,"35":1,"36":0,"37":0,"38":1,"39":1,"40":1,"41":0,"42":1,"43":1,"44":1,"45":0,"46":0,"47":0,"48":0,"49":0,"50":1,"51":1,"52":1,"53":0,"54":1,"55":1,"56":0,"57":3},"f":{"0":4,"1":1,"2":0,"3":2,"4":1,"5":1},"b":{"0":[0,4],"1":[4,4],"2":[1,0],"3":[0,1],"4":[1,1],"5":[0,0],"6":[0,0],"7":[0,2],"8":[1,1],"9":[1,0],"10":[0,1],"11":[1,0],"12":[0,0],"13":[0,1]}}
,"C:\\Users\\Dell\\Desktop\\meeting-action-tracker\\backend\\src\\modules\\action-items\\actionItem.repository.ts": {"path":"C:\\Users\\Dell\\Desktop\\meeting-action-tracker\\backend\\src\\modules\\action-items\\actionItem.repository.ts","statementMap":{"0":{"start":{"line":1,"column":0},"end":{"line":1,"column":39}},"1":{"start":{"line":6,"column":39},"end":{"line":6,"column":41}},"2":{"start":{"line":8,"column":4},"end":{"line":24,"column":5}},"3":{"start":{"line":9,"column":21},"end":{"line":20,"column":null}},"4":{"start":{"line":23,"column":6},"end":{"line":23,"column":40}},"5":{"start":{"line":26,"column":4},"end":{"line":26,"column":24}},"6":{"start":{"line":30,"column":19},"end":{"line":36,"column":null}},"7":{"start":{"line":39,"column":4},"end":{"line":39,"column":23}},"8":{"start":{"line":43,"column":16},"end":{"line":52,"column":6}},"9":{"start":{"line":54,"column":17},"end":{"line":56,"column":41}},"10":{"start":{"line":58,"column":2},"end":{"line":58,"column":21}},"11":{"start":{"line":62,"column":17},"end":{"line":71,"column":null}},"12":{"start":{"line":74,"column":2},"end":{"line":74,"column":24}},"13":{"start":{"line":78,"column":17},"end":{"line":85,"column":null}},"14":{"start":{"line":88,"column":2},"end":{"line":88,"column":24}},"15":{"start":{"line":92,"column":2},"end":{"line":98,"column":4}},"16":{"start":{"line":102,"column":17},"end":{"line":108,"column":null}},"17":{"start":{"line":111,"column":2},"end":{"line":111,"column":32}},"18":{"start":{"line":4,"column":0},"end":{"line":4,"column":13}}},"fnMap":{"0":{"name":"(anonymous_0)","decl":{"start":{"line":5,"column":2},"end":{"line":5,"column":7}},"loc":{"start":{"line":5,"column":49},"end":{"line":27,"column":3}}},"1":{"name":"(anonymous_1)","decl":{"start":{"line":29,"column":2},"end":{"line":29,"column":7}},"loc":{"start":{"line":29,"column":45},"end":{"line":40,"column":3}}},"2":{"name":"(anonymous_2)","decl":{"start":{"line":42,"column":2},"end":{"line":42,"column":7}},"loc":{"start":{"line":42,"column":40},"end":{"line":59,"column":1}}},"3":{"name":"(anonymous_3)","decl":{"start":{"line":61,"column":0},"end":{"line":61,"column":5}},"loc":{"start":{"line":61,"column":63},"end":{"line":75,"column":1}}},"4":{"name":"(anonymous_4)","decl":{"start":{"line":77,"column":0},"end":{"line":77,"column":5}},"loc":{"start":{"line":77,"column":54},"end":{"line":89,"column":1}}},"5":{"name":"(anonymous_5)","decl":{"start":{"line":91,"column":0},"end":{"line":91,"column":5}},"loc":{"start":{"line":91,"column":23},"end":{"line":99,"column":1}}},"6":{"name":"(anonymous_6)","decl":{"start":{"line":101,"column":0},"end":{"line":101,"column":5}},"loc":{"start":{"line":101,"column":25},"end":{"line":112,"column":1}}}},"branchMap":{"0":{"loc":{"start":{"line":17,"column":10},"end":{"line":17,"column":28}},"type":"binary-expr","locations":[{"start":{"line":17,"column":10},"end":{"line":17,"column":20}},{"start":{"line":17,"column":24},"end":{"line":17,"column":28}}]},"1":{"loc":{"start":{"line":18,"column":10},"end":{"line":18,"column":30}},"type":"binary-expr","locations":[{"start":{"line":18,"column":10},"end":{"line":18,"column":22}},{"start":{"line":18,"column":26},"end":{"line":18,"column":30}}]},"2":{"loc":{"start":{"line":43,"column":16},"end":{"line":52,"column":6}},"type":"cond-expr","locations":[{"start":{"line":44,"column":6},"end":{"line":48,"column":null}},{"start":{"line":49,"column":6},"end":{"line":52,"column":6}}]},"3":{"loc":{"start":{"line":54,"column":17},"end":{"line":56,"column":41}},"type":"cond-expr","locations":[{"start":{"line":55,"column":6},"end":{"line":55,"column":51}},{"start":{"line":56,"column":6},"end":{"line":56,"column":41}}]},"4":{"loc":{"start":{"line":111,"column":9},"end":{"line":111,"column":31}},"type":"binary-expr","locations":[{"start":{"line":111,"column":9},"end":{"line":111,"column":23}},{"start":{"line":111,"column":27},"end":{"line":111,"column":31}}]}},"s":{"0":3,"1":0,"2":0,"3":0,"4":0,"5":0,"6":0,"7":0,"8":3,"9":3,"10":2,"11":1,"12":1,"13":1,"14":1,"15":1,"16":0,"17":0,"18":3},"f":{"0":0,"1":0,"2":3,"3":1,"4":1,"5":1,"6":0},"b":{"0":[0,0],"1":[0,0],"2":[1,2],"3":[1,2],"4":[0,0]}}
,"C:\\Users\\Dell\\Desktop\\meeting-action-tracker\\backend\\src\\modules\\transcripts\\transcript.controller.ts": {"path":"C:\\Users\\Dell\\Desktop\\meeting-action-tracker\\backend\\src\\modules\\transcripts\\transcript.controller.ts","statementMap":{"0":{"start":{"line":2,"column":0},"end":{"line":2,"column":57}},"1":{"start":{"line":3,"column":0},"end":{"line":3,"column":24}},"2":{"start":{"line":6,"column":31},"end":{"line":8,"column":2}},"3":{"start":{"line":10,"column":16},"end":{"line":10,"column":39}},"4":{"start":{"line":14,"column":2},"end":{"line":32,"column":3}},"5":{"start":{"line":15,"column":19},"end":{"line":15,"column":61}},"6":{"start":{"line":17,"column":4},"end":{"line":21,"column":5}},"7":{"start":{"line":18,"column":6},"end":{"line":20,"column":9}},"8":{"start":{"line":23,"column":23},"end":{"line":23,"column":66}},"9":{"start":{"line":25,"column":4},"end":{"line":25,"column":44}},"10":{"start":{"line":27,"column":4},"end":{"line":31,"column":7}},"11":{"start":{"line":37,"column":4},"end":{"line":44,"column":5}},"12":{"start":{"line":38,"column":26},"end":{"line":38,"column":62}},"13":{"start":{"line":39,"column":6},"end":{"line":39,"column":28}},"14":{"start":{"line":41,"column":6},"end":{"line":43,"column":9}},"15":{"start":{"line":12,"column":0},"end":{"line":12,"column":13}}},"fnMap":{"0":{"name":"(anonymous_0)","decl":{"start":{"line":13,"column":2},"end":{"line":13,"column":7}},"loc":{"start":{"line":13,"column":42},"end":{"line":33,"column":1}}},"1":{"name":"(anonymous_1)","decl":{"start":{"line":36,"column":2},"end":{"line":36,"column":7}},"loc":{"start":{"line":36,"column":44},"end":{"line":45,"column":3}}}},"branchMap":{"0":{"loc":{"start":{"line":17,"column":4},"end":{"line":21,"column":5}},"type":"if","locations":[{"start":{"line":17,"column":4},"end":{"line":21,"column":5}},{"start":{},"end":{}}]},"1":{"loc":{"start":{"line":29,"column":17},"end":{"line":29,"column":73}},"type":"cond-expr","locations":[{"start":{"line":29,"column":42},"end":{"line":29,"column":55}},{"start":{"line":29,"column":58},"end":{"line":29,"column":73}}]}},"s":{"0":3,"1":3,"2":3,"3":3,"4":1,"5":1,"6":1,"7":1,"8":0,"9":0,"10":0,"11":0,"12":0,"13":0,"14":0,"15":3},"f":{"0":1,"1":0},"b":{"0":[1,0],"1":[0,0]}}
,"C:\\Users\\Dell\\Desktop\\meeting-action-tracker\\backend\\src\\modules\\transcripts\\transcript.repository.ts": {"path":"C:\\Users\\Dell\\Desktop\\meeting-action-tracker\\backend\\src\\modules\\transcripts\\transcript.repository.ts","statementMap":{"0":{"start":{"line":1,"column":0},"end":{"line":1,"column":39}},"1":{"start":{"line":6,"column":19},"end":{"line":12,"column":null}},"2":{"start":{"line":15,"column":4},"end":{"line":15,"column":26}},"3":{"start":{"line":19,"column":19},"end":{"line":25,"column":null}},"4":{"start":{"line":28,"column":4},"end":{"line":28,"column":23}},"5":{"start":{"line":32,"column":17},"end":{"line":39,"column":null}},"6":{"start":{"line":42,"column":2},"end":{"line":42,"column":21}},"7":{"start":{"line":4,"column":0},"end":{"line":4,"column":13}}},"fnMap":{"0":{"name":"(anonymous_0)","decl":{"start":{"line":5,"column":2},"end":{"line":5,"column":7}},"loc":{"start":{"line":5,"column":30},"end":{"line":16,"column":3}}},"1":{"name":"(anonymous_1)","decl":{"start":{"line":18,"column":2},"end":{"line":18,"column":7}},"loc":{"start":{"line":18,"column":19},"end":{"line":29,"column":3}}},"2":{"name":"(anonymous_2)","decl":{"start":{"line":31,"column":2},"end":{"line":31,"column":7}},"loc":{"start":{"line":31,"column":27},"end":{"line":43,"column":1}}}},"branchMap":{"0":{"loc":{"start":{"line":31,"column":18},"end":{"line":31,"column":27}},"type":"default-arg","locations":[{"start":{"line":31,"column":26},"end":{"line":31,"column":27}}]}},"s":{"0":3,"1":0,"2":0,"3":0,"4":0,"5":0,"6":0,"7":3},"f":{"0":0,"1":0,"2":0},"b":{"0":[0]}}
,"C:\\Users\\Dell\\Desktop\\meeting-action-tracker\\backend\\src\\modules\\transcripts\\transcript.service.ts": {"path":"C:\\Users\\Dell\\Desktop\\meeting-action-tracker\\backend\\src\\modules\\transcripts\\transcript.service.ts","statementMap":{"0":{"start":{"line":1,"column":0},"end":{"line":1,"column":63}},"1":{"start":{"line":3,"column":0},"end":{"line":3,"column":78}},"2":{"start":{"line":4,"column":0},"end":{"line":4,"column":77}},"3":{"start":{"line":8,"column":23},"end":{"line":8,"column":49}},"4":{"start":{"line":10,"column":29},"end":{"line":10,"column":55}},"5":{"start":{"line":14,"column":2},"end":{"line":16,"column":3}},"6":{"start":{"line":15,"column":4},"end":{"line":15,"column":58}},"7":{"start":{"line":18,"column":21},"end":{"line":18,"column":64}},"8":{"start":{"line":20,"column":25},"end":{"line":20,"column":64}},"9":{"start":{"line":23,"column":4},"end":{"line":32,"column":10}},"10":{"start":{"line":25,"column":40},"end":{"line":30,"column":12}},"11":{"start":{"line":34,"column":2},"end":{"line":37,"column":4}},"12":{"start":{"line":42,"column":4},"end":{"line":42,"column":41}},"13":{"start":{"line":7,"column":0},"end":{"line":7,"column":13}}},"fnMap":{"0":{"name":"(anonymous_0)","decl":{"start":{"line":13,"column":2},"end":{"line":13,"column":7}},"loc":{"start":{"line":13,"column":53},"end":{"line":38,"column":1}}},"1":{"name":"(anonymous_1)","decl":{"start":{"line":25,"column":29},"end":{"line":25,"column":30}},"loc":{"start":{"line":25,"column":40},"end":{"line":30,"column":12}}},"2":{"name":"(anonymous_2)","decl":{"start":{"line":41,"column":2},"end":{"line":41,"column":7}},"loc":{"start":{"line":41,"column":28},"end":{"line":43,"column":3}}}},"branchMap":{"0":{"loc":{"start":{"line":14,"column":2},"end":{"line":16,"column":3}},"type":"if","locations":[{"start":{"line":14,"column":2},"end":{"line":16,"column":3}},{"start":{},"end":{}}]},"1":{"loc":{"start":{"line":14,"column":6},"end":{"line":14,"column":57}},"type":"binary-expr","locations":[{"start":{"line":14,"column":6},"end":{"line":14,"column":20}},{"start":{"line":14,"column":24},"end":{"line":14,"column":57}}]},"2":{"loc":{"start":{"line":23,"column":4},"end":{"line":32,"column":10}},"type":"cond-expr","locations":[{"start":{"line":24,"column":8},"end":{"line":30,"column":null}},{"start":{"line":32,"column":8},"end":{"line":32,"column":10}}]},"3":{"loc":{"start":{"line":27,"column":19},"end":{"line":27,"column":37}},"type":"binary-expr","locations":[{"start":{"line":27,"column":19},"end":{"line":27,"column":29}},{"start":{"line":27,"column":33},"end":{"line":27,"column":37}}]},"4":{"loc":{"start":{"line":28,"column":21},"end":{"line":28,"column":41}},"type":"binary-expr","locations":[{"start":{"line":28,"column":21},"end":{"line":28,"column":33}},{"start":{"line":28,"column":37},"end":{"line":28,"column":41}}]}},"s":{"0":4,"1":4,"2":4,"3":8,"4":8,"5":5,"6":1,"7":4,"8":4,"9":3,"10":1,"11":3,"12":0,"13":4},"f":{"0":5,"1":1,"2":0},"b":{"0":[1,4],"1":[5,4],"2":[1,2],"3":[1,0],"4":[1,1]}}
}
