TN:
SF:src\app.ts
FNF:0
FNH:0
DA:1,3
DA:2,3
DA:3,3
DA:5,3
DA:7,3
DA:8,3
DA:10,3
LF:7
LH:7
BRF:0
BRH:0
end_of_record
TN:
SF:src\routes.ts
FN:15,(anonymous_0)
FN:33,(anonymous_1)
FN:37,(anonymous_2)
FN:42,(anonymous_3)
FN:46,(anonymous_4)
FN:50,(anonymous_5)
FN:54,(anonymous_6)
FN:58,(anonymous_7)
FNF:8
FNH:6
FNDA:1,(anonymous_0)
FNDA:1,(anonymous_1)
FNDA:0,(anonymous_2)
FNDA:1,(anonymous_3)
FNDA:0,(anonymous_4)
FNDA:2,(anonymous_5)
FNDA:1,(anonymous_6)
FNDA:1,(anonymous_7)
DA:1,3
DA:2,3
DA:3,3
DA:5,3
DA:6,3
DA:9,3
DA:10,3
DA:13,3
DA:15,3
DA:16,1
DA:17,1
DA:19,1
DA:25,0
DA:33,3
DA:34,1
DA:37,3
DA:38,0
DA:42,3
DA:43,1
DA:46,3
DA:47,0
DA:50,3
DA:51,2
DA:54,3
DA:55,1
DA:58,3
DA:59,1
LF:27
LH:24
BRDA:22,0,0,1
BRDA:22,0,1,0
BRF:2
BRH:1
end_of_record
TN:
SF:src\config\db.ts
FNF:0
FNH:0
DA:1,2
DA:2,2
DA:4,2
LF:3
LH:3
BRF:0
BRH:0
end_of_record
TN:
SF:src\config\env.ts
FNF:0
FNH:0
DA:1,3
DA:2,3
DA:4,3
DA:6,3
DA:12,3
DA:14,3
DA:15,0
DA:16,0
DA:19,3
LF:9
LH:7
BRDA:14,0,0,0
BRDA:14,0,1,3
BRF:2
BRH:1
end_of_record
TN:
SF:src\config\groq.ts
FNF:0
FNH:0
DA:1,3
DA:2,3
DA:4,3
LF:3
LH:3
BRF:0
BRH:0
end_of_record
TN:
SF:src\modules\action-items\actionExtraction.service.ts
FN:13,extractActionItems
FNF:1
FNH:1
FNDA:7,extractActionItems
DA:1,5
DA:10,5
DA:13,5
DA:16,7
DA:38,7
DA:44,5
DA:46,5
DA:47,5
DA:49,2
LF:9
LH:9
BRDA:44,0,0,5
BRDA:44,0,1,0
BRF:2
BRH:1
end_of_record
TN:
SF:src\modules\action-items\actionItem.controller.ts
FN:19,extractId
FN:26,(anonymous_1)
FN:49,(anonymous_2)
FN:71,(anonymous_3)
FN:101,(anonymous_4)
FN:134,(anonymous_5)
FNF:6
FNH:5
FNDA:4,extractId
FNDA:1,(anonymous_1)
FNDA:0,(anonymous_2)
FNDA:2,(anonymous_3)
FNDA:1,(anonymous_4)
FNDA:1,(anonymous_5)
DA:2,3
DA:4,3
DA:6,3
DA:8,3
DA:14,3
DA:20,4
DA:21,4
DA:25,3
DA:27,1
DA:28,1
DA:32,1
DA:33,1
DA:34,0
DA:36,1
DA:40,0
DA:41,0
DA:43,0
DA:50,0
DA:51,0
DA:53,0
DA:54,0
DA:57,0
DA:59,0
DA:60,0
DA:63,0
DA:65,0
DA:72,2
DA:73,2
DA:75,2
DA:76,0
DA:79,2
DA:81,2
DA:82,1
DA:87,1
DA:89,1
DA:90,1
DA:93,0
DA:95,0
DA:102,1
DA:103,1
DA:105,1
DA:106,0
DA:109,1
DA:111,1
DA:112,1
DA:117,0
DA:122,0
DA:123,0
DA:126,0
DA:128,0
DA:135,1
DA:136,1
DA:138,1
DA:139,0
DA:142,1
DA:144,1
DA:146,0
LF:57
LH:33
BRDA:20,0,0,0
BRDA:20,0,1,4
BRDA:20,1,0,4
BRDA:20,1,1,4
BRDA:32,2,0,1
BRDA:32,2,1,0
BRDA:33,3,0,0
BRDA:33,3,1,1
BRDA:33,4,0,1
BRDA:33,4,1,1
BRDA:53,5,0,0
BRDA:53,5,1,0
BRDA:59,6,0,0
BRDA:59,6,1,0
BRDA:75,7,0,0
BRDA:75,7,1,2
BRDA:81,8,0,1
BRDA:81,8,1,1
BRDA:89,9,0,1
BRDA:89,9,1,0
BRDA:105,10,0,0
BRDA:105,10,1,1
BRDA:111,11,0,1
BRDA:111,11,1,0
BRDA:122,12,0,0
BRDA:122,12,1,0
BRDA:138,13,0,0
BRDA:138,13,1,1
BRF:28
BRH:14
end_of_record
TN:
SF:src\modules\action-items\actionItem.repository.ts
FN:5,(anonymous_0)
FN:29,(anonymous_1)
FN:42,(anonymous_2)
FN:61,(anonymous_3)
FN:77,(anonymous_4)
FN:91,(anonymous_5)
FN:101,(anonymous_6)
FNF:7
FNH:4
FNDA:0,(anonymous_0)
FNDA:0,(anonymous_1)
FNDA:3,(anonymous_2)
FNDA:1,(anonymous_3)
FNDA:1,(anonymous_4)
FNDA:1,(anonymous_5)
FNDA:0,(anonymous_6)
DA:1,3
DA:4,3
DA:6,0
DA:8,0
DA:9,0
DA:23,0
DA:26,0
DA:30,0
DA:39,0
DA:43,3
DA:54,3
DA:58,2
DA:62,1
DA:74,1
DA:78,1
DA:88,1
DA:92,1
DA:102,0
DA:111,0
LF:19
LH:10
BRDA:17,0,0,0
BRDA:17,0,1,0
BRDA:18,1,0,0
BRDA:18,1,1,0
BRDA:43,2,0,1
BRDA:43,2,1,2
BRDA:54,3,0,1
BRDA:54,3,1,2
BRDA:111,4,0,0
BRDA:111,4,1,0
BRF:10
BRH:4
end_of_record
TN:
SF:src\modules\transcripts\transcript.controller.ts
FN:13,(anonymous_0)
FN:36,(anonymous_1)
FNF:2
FNH:1
FNDA:1,(anonymous_0)
FNDA:0,(anonymous_1)
DA:2,3
DA:3,3
DA:6,3
DA:10,3
DA:12,3
DA:14,1
DA:15,1
DA:17,1
DA:18,1
DA:23,0
DA:25,0
DA:27,0
DA:37,0
DA:38,0
DA:39,0
DA:41,0
LF:16
LH:9
BRDA:17,0,0,1
BRDA:17,0,1,0
BRDA:29,1,0,0
BRDA:29,1,1,0
BRF:4
BRH:1
end_of_record
TN:
SF:src\modules\transcripts\transcript.repository.ts
FN:5,(anonymous_0)
FN:18,(anonymous_1)
FN:31,(anonymous_2)
FNF:3
FNH:0
FNDA:0,(anonymous_0)
FNDA:0,(anonymous_1)
FNDA:0,(anonymous_2)
DA:1,3
DA:4,3
DA:6,0
DA:15,0
DA:19,0
DA:28,0
DA:32,0
DA:42,0
LF:8
LH:2
BRDA:31,0,0,0
BRF:1
BRH:0
end_of_record
TN:
SF:src\modules\transcripts\transcript.service.ts
FN:13,(anonymous_0)
FN:25,(anonymous_1)
FN:41,(anonymous_2)
FNF:3
FNH:2
FNDA:5,(anonymous_0)
FNDA:1,(anonymous_1)
FNDA:0,(anonymous_2)
DA:1,4
DA:3,4
DA:4,4
DA:7,4
DA:8,8
DA:10,8
DA:14,5
DA:15,1
DA:18,4
DA:20,4
DA:23,3
DA:25,1
DA:34,3
DA:42,0
LF:14
LH:13
BRDA:14,0,0,1
BRDA:14,0,1,4
BRDA:14,1,0,5
BRDA:14,1,1,4
BRDA:23,2,0,1
BRDA:23,2,1,2
BRDA:27,3,0,1
BRDA:27,3,1,0
BRDA:28,4,0,1
BRDA:28,4,1,1
BRF:10
BRH:9
end_of_record
